2019-12-17T04:52:00+00:00 CRITICAL syntax error, unexpected 'if' (T_IF) in C:\wamp64\www\revivalpoint\wp-content\themes\ecommerce\src\ajax_product.php on line 29

2019-12-17T05:21:22+00:00 CRITICAL Uncaught Error: Call to a member function is_purchasable() on null in C:\wamp64\www\revivalpoint\wp-content\themes\ecommerce\woocommerce\single-product\add-to-cart\simple.php:22
Stack trace:
#0 C:\wamp64\www\revivalpoint\wp-content\plugins\woocommerce\includes\wc-core-functions.php(249): include()
#1 C:\wamp64\www\revivalpoint\wp-content\plugins\woocommerce\includes\wc-template-functions.php(1629): wc_get_template('single-product/...')
#2 C:\wamp64\www\revivalpoint\wp-content\themes\ecommerce\src\ajax_product.php(86): woocommerce_simple_add_to_cart()
#3 C:\wamp64\www\revivalpoint\wp-includes\class-wp-hook.php(288): ecommerce_quick_view_ajax_callback('')
#4 C:\wamp64\www\revivalpoint\wp-includes\class-wp-hook.php(312): WP_Hook->apply_filters('', Array)
#5 C:\wamp64\www\revivalpoint\wp-includes\plugin.php(478): WP_Hook->do_action(Array)
#6 C:\wamp64\www\revivalpoint\wp-admin\admin-ajax.php(175): do_action('wp_ajax_ecommer...')
#7 {main}
  thrown in C:\wamp64\www\revivalpoint\wp-content\themes\ecommerce\woocommerce\single-product\add-to-cart\simple.php on line 22

2019-12-17T05:22:40+00:00 CRITICAL Uncaught Error: Call to a member function get_type() on null in C:\wamp64\www\revivalpoint\wp-content\plugins\woocommerce\includes\wc-template-functions.php:1620
Stack trace:
#0 C:\wamp64\www\revivalpoint\wp-content\themes\ecommerce\src\ajax_product.php(86): woocommerce_template_single_add_to_cart()
#1 C:\wamp64\www\revivalpoint\wp-includes\class-wp-hook.php(288): ecommerce_quick_view_ajax_callback('')
#2 C:\wamp64\www\revivalpoint\wp-includes\class-wp-hook.php(312): WP_Hook->apply_filters('', Array)
#3 C:\wamp64\www\revivalpoint\wp-includes\plugin.php(478): WP_Hook->do_action(Array)
#4 C:\wamp64\www\revivalpoint\wp-admin\admin-ajax.php(175): do_action('wp_ajax_ecommer...')
#5 {main}
  thrown in C:\wamp64\www\revivalpoint\wp-content\plugins\woocommerce\includes\wc-template-functions.php on line 1620

2019-12-17T05:23:34+00:00 CRITICAL Uncaught Error: Call to a member function is_purchasable() on null in C:\wamp64\www\revivalpoint\wp-content\themes\ecommerce\woocommerce\single-product\add-to-cart\simple.php:22
Stack trace:
#0 C:\wamp64\www\revivalpoint\wp-content\plugins\woocommerce\includes\wc-core-functions.php(249): include()
#1 C:\wamp64\www\revivalpoint\wp-content\themes\ecommerce\src\ajax_product.php(86): wc_get_template('single-product/...')
#2 C:\wamp64\www\revivalpoint\wp-includes\class-wp-hook.php(288): ecommerce_quick_view_ajax_callback('')
#3 C:\wamp64\www\revivalpoint\wp-includes\class-wp-hook.php(312): WP_Hook->apply_filters('', Array)
#4 C:\wamp64\www\revivalpoint\wp-includes\plugin.php(478): WP_Hook->do_action(Array)
#5 C:\wamp64\www\revivalpoint\wp-admin\admin-ajax.php(175): do_action('wp_ajax_ecommer...')
#6 {main}
  thrown in C:\wamp64\www\revivalpoint\wp-content\themes\ecommerce\woocommerce\single-product\add-to-cart\simple.php on line 22

2019-12-17T05:23:42+00:00 CRITICAL Uncaught Error: Call to a member function is_purchasable() on null in C:\wamp64\www\revivalpoint\wp-content\themes\ecommerce\woocommerce\single-product\add-to-cart\simple.php:22
Stack trace:
#0 C:\wamp64\www\revivalpoint\wp-content\plugins\woocommerce\includes\wc-core-functions.php(249): include()
#1 C:\wamp64\www\revivalpoint\wp-content\themes\ecommerce\src\ajax_product.php(86): wc_get_template('single-product/...')
#2 C:\wamp64\www\revivalpoint\wp-includes\class-wp-hook.php(288): ecommerce_quick_view_ajax_callback('')
#3 C:\wamp64\www\revivalpoint\wp-includes\class-wp-hook.php(312): WP_Hook->apply_filters('', Array)
#4 C:\wamp64\www\revivalpoint\wp-includes\plugin.php(478): WP_Hook->do_action(Array)
#5 C:\wamp64\www\revivalpoint\wp-admin\admin-ajax.php(175): do_action('wp_ajax_ecommer...')
#6 {main}
  thrown in C:\wamp64\www\revivalpoint\wp-content\themes\ecommerce\woocommerce\single-product\add-to-cart\simple.php on line 22

2019-12-17T05:25:03+00:00 CRITICAL Uncaught Error: Call to a member function is_purchasable() on null in C:\wamp64\www\revivalpoint\wp-content\themes\ecommerce\woocommerce\single-product\add-to-cart\simple.php:22
Stack trace:
#0 C:\wamp64\www\revivalpoint\wp-content\plugins\woocommerce\includes\wc-core-functions.php(249): include()
#1 C:\wamp64\www\revivalpoint\wp-content\themes\ecommerce\src\ajax_product.php(86): wc_get_template('./../woocommerc...')
#2 C:\wamp64\www\revivalpoint\wp-includes\class-wp-hook.php(288): ecommerce_quick_view_ajax_callback('')
#3 C:\wamp64\www\revivalpoint\wp-includes\class-wp-hook.php(312): WP_Hook->apply_filters('', Array)
#4 C:\wamp64\www\revivalpoint\wp-includes\plugin.php(478): WP_Hook->do_action(Array)
#5 C:\wamp64\www\revivalpoint\wp-admin\admin-ajax.php(175): do_action('wp_ajax_ecommer...')
#6 {main}
  thrown in C:\wamp64\www\revivalpoint\wp-content\themes\ecommerce\woocommerce\single-product\add-to-cart\simple.php on line 22

2019-12-17T05:26:41+00:00 CRITICAL Uncaught Error: Call to a member function get_type() on null in C:\wamp64\www\revivalpoint\wp-content\themes\ecommerce\src\ajax_product.php:87
Stack trace:
#0 C:\wamp64\www\revivalpoint\wp-includes\class-wp-hook.php(288): ecommerce_quick_view_ajax_callback('')
#1 C:\wamp64\www\revivalpoint\wp-includes\class-wp-hook.php(312): WP_Hook->apply_filters('', Array)
#2 C:\wamp64\www\revivalpoint\wp-includes\plugin.php(478): WP_Hook->do_action(Array)
#3 C:\wamp64\www\revivalpoint\wp-admin\admin-ajax.php(175): do_action('wp_ajax_ecommer...')
#4 {main}
  thrown in C:\wamp64\www\revivalpoint\wp-content\themes\ecommerce\src\ajax_product.php on line 87

2019-12-17T05:28:55+00:00 CRITICAL Uncaught Error: Call to a member function get_type() on null in C:\wamp64\www\revivalpoint\wp-content\themes\ecommerce\src\ajax_product.php:87
Stack trace:
#0 C:\wamp64\www\revivalpoint\wp-includes\class-wp-hook.php(288): ecommerce_quick_view_ajax_callback('')
#1 C:\wamp64\www\revivalpoint\wp-includes\class-wp-hook.php(312): WP_Hook->apply_filters('', Array)
#2 C:\wamp64\www\revivalpoint\wp-includes\plugin.php(478): WP_Hook->do_action(Array)
#3 C:\wamp64\www\revivalpoint\wp-admin\admin-ajax.php(175): do_action('wp_ajax_ecommer...')
#4 {main}
  thrown in C:\wamp64\www\revivalpoint\wp-content\themes\ecommerce\src\ajax_product.php on line 87

2019-12-17T05:43:23+00:00 CRITICAL Uncaught Error: Call to a member function get_price_html() on null in C:\wamp64\www\revivalpoint\wp-content\themes\ecommerce\woocommerce\single-product\price.php:25
Stack trace:
#0 C:\wamp64\www\revivalpoint\wp-content\plugins\woocommerce\includes\wc-core-functions.php(249): include()
#1 C:\wamp64\www\revivalpoint\wp-content\plugins\woocommerce\includes\wc-template-functions.php(1573): wc_get_template('single-product/...')
#2 C:\wamp64\www\revivalpoint\wp-includes\class-wp-hook.php(288): woocommerce_template_single_price('')
#3 C:\wamp64\www\revivalpoint\wp-includes\class-wp-hook.php(312): WP_Hook->apply_filters(NULL, Array)
#4 C:\wamp64\www\revivalpoint\wp-includes\plugin.php(478): WP_Hook->do_action(Array)
#5 C:\wamp64\www\revivalpoint\wp-content\themes\ecommerce\src\ajax_product.php(87): do_action('woocommerce_sin...')
#6 C:\wamp64\www\revivalpoint\wp-includes\class-wp-hook.php(288): ecommerce_quick_view_ajax_callback('')
#7 C:\wamp64\www\revivalpoint\wp-includes\class-wp-hook.php(312): WP_Hook->apply_filt in C:\wamp64\www\revivalpoint\wp-content\themes\ecommerce\woocommerce\single-product\price.php on line 25

2019-12-17T05:44:18+00:00 CRITICAL Uncaught Error: Call to a member function get_price_html() on null in C:\wamp64\www\revivalpoint\wp-content\themes\ecommerce\woocommerce\single-product\price.php:25
Stack trace:
#0 C:\wamp64\www\revivalpoint\wp-content\plugins\woocommerce\includes\wc-core-functions.php(249): include()
#1 C:\wamp64\www\revivalpoint\wp-content\plugins\woocommerce\includes\wc-template-functions.php(1573): wc_get_template('single-product/...')
#2 C:\wamp64\www\revivalpoint\wp-includes\class-wp-hook.php(288): woocommerce_template_single_price('')
#3 C:\wamp64\www\revivalpoint\wp-includes\class-wp-hook.php(312): WP_Hook->apply_filters(NULL, Array)
#4 C:\wamp64\www\revivalpoint\wp-includes\plugin.php(478): WP_Hook->do_action(Array)
#5 C:\wamp64\www\revivalpoint\wp-content\themes\ecommerce\src\ajax_product.php(87): do_action('woocommerce_sin...')
#6 C:\wamp64\www\revivalpoint\wp-includes\class-wp-hook.php(288): ecommerce_quick_view_ajax_callback('')
#7 C:\wamp64\www\revivalpoint\wp-includes\class-wp-hook.php(312): WP_Hook->apply_filt in C:\wamp64\www\revivalpoint\wp-content\themes\ecommerce\woocommerce\single-product\price.php on line 25

2019-12-17T05:45:03+00:00 CRITICAL Uncaught Error: Call to a member function get_price_html() on null in C:\wamp64\www\revivalpoint\wp-content\themes\ecommerce\woocommerce\single-product\price.php:25
Stack trace:
#0 C:\wamp64\www\revivalpoint\wp-content\plugins\woocommerce\includes\wc-core-functions.php(249): include()
#1 C:\wamp64\www\revivalpoint\wp-content\plugins\woocommerce\includes\wc-template-functions.php(1573): wc_get_template('single-product/...')
#2 C:\wamp64\www\revivalpoint\wp-includes\class-wp-hook.php(288): woocommerce_template_single_price('')
#3 C:\wamp64\www\revivalpoint\wp-includes\class-wp-hook.php(312): WP_Hook->apply_filters(NULL, Array)
#4 C:\wamp64\www\revivalpoint\wp-includes\plugin.php(478): WP_Hook->do_action(Array)
#5 C:\wamp64\www\revivalpoint\wp-content\themes\ecommerce\partials\flexible-content\featured_products.php(80): do_action('woocommerce_sin...')
#6 C:\wamp64\www\revivalpoint\wp-includes\template.php(724): require('C:\\wamp64\\www\\r...')
#7 C:\wamp64\www\revivalpoint\wp-includes\template.php(671): load_tem in C:\wamp64\www\revivalpoint\wp-content\themes\ecommerce\woocommerce\single-product\price.php on line 25

2019-12-17T05:51:36+00:00 CRITICAL Uncaught Error: Call to a member function get_price_html() on null in C:\wamp64\www\revivalpoint\wp-content\themes\ecommerce\woocommerce\single-product\price.php:25
Stack trace:
#0 C:\wamp64\www\revivalpoint\wp-content\plugins\woocommerce\includes\wc-core-functions.php(249): include()
#1 C:\wamp64\www\revivalpoint\wp-content\plugins\woocommerce\includes\wc-template-functions.php(1573): wc_get_template('single-product/...')
#2 C:\wamp64\www\revivalpoint\wp-includes\class-wp-hook.php(288): woocommerce_template_single_price('')
#3 C:\wamp64\www\revivalpoint\wp-includes\class-wp-hook.php(312): WP_Hook->apply_filters(NULL, Array)
#4 C:\wamp64\www\revivalpoint\wp-includes\plugin.php(478): WP_Hook->do_action(Array)
#5 C:\wamp64\www\revivalpoint\wp-content\themes\ecommerce\partials\flexible-content\featured_products.php(80): do_action('woocommerce_sin...')
#6 C:\wamp64\www\revivalpoint\wp-includes\template.php(724): require('C:\\wamp64\\www\\r...')
#7 C:\wamp64\www\revivalpoint\wp-includes\template.php(671): load_tem in C:\wamp64\www\revivalpoint\wp-content\themes\ecommerce\woocommerce\single-product\price.php on line 25

2019-12-17T06:09:38+00:00 CRITICAL Uncaught ArgumentCountError: Too few arguments to function WC_Product::get_attribute(), 0 passed in C:\wamp64\www\revivalpoint\wp-content\themes\ecommerce\src\ajax_product.php on line 67 and exactly 1 expected in C:\wamp64\www\revivalpoint\wp-content\plugins\woocommerce\includes\abstracts\abstract-wc-product.php:1890
Stack trace:
#0 C:\wamp64\www\revivalpoint\wp-content\themes\ecommerce\src\ajax_product.php(67): WC_Product->get_attribute()
#1 C:\wamp64\www\revivalpoint\wp-includes\class-wp-hook.php(288): ecommerce_quick_view_ajax_callback('')
#2 C:\wamp64\www\revivalpoint\wp-includes\class-wp-hook.php(312): WP_Hook->apply_filters('', Array)
#3 C:\wamp64\www\revivalpoint\wp-includes\plugin.php(478): WP_Hook->do_action(Array)
#4 C:\wamp64\www\revivalpoint\wp-admin\admin-ajax.php(175): do_action('wp_ajax_ecommer...')
#5 {main}
  thrown in C:\wamp64\www\revivalpoint\wp-content\plugins\woocommerce\includes\abstracts\abstract-wc-product.php on line 1890

2019-12-17T06:10:09+00:00 CRITICAL Uncaught ArgumentCountError: Too few arguments to function WC_Product::get_attribute(), 0 passed in C:\wamp64\www\revivalpoint\wp-content\themes\ecommerce\src\ajax_product.php on line 67 and exactly 1 expected in C:\wamp64\www\revivalpoint\wp-content\plugins\woocommerce\includes\abstracts\abstract-wc-product.php:1890
Stack trace:
#0 C:\wamp64\www\revivalpoint\wp-content\themes\ecommerce\src\ajax_product.php(67): WC_Product->get_attribute()
#1 C:\wamp64\www\revivalpoint\wp-includes\class-wp-hook.php(288): ecommerce_quick_view_ajax_callback('')
#2 C:\wamp64\www\revivalpoint\wp-includes\class-wp-hook.php(312): WP_Hook->apply_filters('', Array)
#3 C:\wamp64\www\revivalpoint\wp-includes\plugin.php(478): WP_Hook->do_action(Array)
#4 C:\wamp64\www\revivalpoint\wp-admin\admin-ajax.php(175): do_action('wp_ajax_ecommer...')
#5 {main}
  thrown in C:\wamp64\www\revivalpoint\wp-content\plugins\woocommerce\includes\abstracts\abstract-wc-product.php on line 1890

2019-12-17T06:10:28+00:00 CRITICAL Uncaught ArgumentCountError: Too few arguments to function WC_Product::get_attribute(), 0 passed in C:\wamp64\www\revivalpoint\wp-content\themes\ecommerce\src\ajax_product.php on line 67 and exactly 1 expected in C:\wamp64\www\revivalpoint\wp-content\plugins\woocommerce\includes\abstracts\abstract-wc-product.php:1890
Stack trace:
#0 C:\wamp64\www\revivalpoint\wp-content\themes\ecommerce\src\ajax_product.php(67): WC_Product->get_attribute()
#1 C:\wamp64\www\revivalpoint\wp-includes\class-wp-hook.php(288): ecommerce_quick_view_ajax_callback('')
#2 C:\wamp64\www\revivalpoint\wp-includes\class-wp-hook.php(312): WP_Hook->apply_filters('', Array)
#3 C:\wamp64\www\revivalpoint\wp-includes\plugin.php(478): WP_Hook->do_action(Array)
#4 C:\wamp64\www\revivalpoint\wp-admin\admin-ajax.php(175): do_action('wp_ajax_ecommer...')
#5 {main}
  thrown in C:\wamp64\www\revivalpoint\wp-content\plugins\woocommerce\includes\abstracts\abstract-wc-product.php on line 1890

2019-12-17T07:23:02+00:00 CRITICAL syntax error, unexpected ';', expecting ')' in C:\wamp64\www\revivalpoint\wp-content\themes\ecommerce\src\ajax_product.php on line 106

2019-12-17T09:25:00+00:00 CRITICAL syntax error, unexpected '?>' in C:\wamp64\www\revivalpoint\wp-content\themes\ecommerce\src\ajax_product.php on line 148

2019-12-17T09:41:20+00:00 CRITICAL Uncaught Error: Call to a member function get_gallery_image_ids() on bool in C:\wamp64\www\revivalpoint\wp-content\themes\ecommerce\src\ajax_product.php:26
Stack trace:
#0 C:\wamp64\www\revivalpoint\wp-includes\class-wp-hook.php(288): ecommerce_quick_view_ajax_callback('')
#1 C:\wamp64\www\revivalpoint\wp-includes\class-wp-hook.php(312): WP_Hook->apply_filters('', Array)
#2 C:\wamp64\www\revivalpoint\wp-includes\plugin.php(478): WP_Hook->do_action(Array)
#3 C:\wamp64\www\revivalpoint\wp-admin\admin-ajax.php(175): do_action('wp_ajax_ecommer...')
#4 {main}
  thrown in C:\wamp64\www\revivalpoint\wp-content\themes\ecommerce\src\ajax_product.php on line 26

2019-12-17T09:42:16+00:00 CRITICAL Uncaught Error: Call to a member function get_gallery_image_ids() on bool in C:\wamp64\www\revivalpoint\wp-content\themes\ecommerce\src\ajax_product.php:26
Stack trace:
#0 C:\wamp64\www\revivalpoint\wp-includes\class-wp-hook.php(288): ecommerce_quick_view_ajax_callback('')
#1 C:\wamp64\www\revivalpoint\wp-includes\class-wp-hook.php(312): WP_Hook->apply_filters('', Array)
#2 C:\wamp64\www\revivalpoint\wp-includes\plugin.php(478): WP_Hook->do_action(Array)
#3 C:\wamp64\www\revivalpoint\wp-admin\admin-ajax.php(175): do_action('wp_ajax_ecommer...')
#4 {main}
  thrown in C:\wamp64\www\revivalpoint\wp-content\themes\ecommerce\src\ajax_product.php on line 26

2019-12-17T09:42:26+00:00 CRITICAL Uncaught Error: Call to a member function get_gallery_image_ids() on bool in C:\wamp64\www\revivalpoint\wp-content\themes\ecommerce\src\ajax_product.php:26
Stack trace:
#0 C:\wamp64\www\revivalpoint\wp-includes\class-wp-hook.php(288): ecommerce_quick_view_ajax_callback('')
#1 C:\wamp64\www\revivalpoint\wp-includes\class-wp-hook.php(312): WP_Hook->apply_filters('', Array)
#2 C:\wamp64\www\revivalpoint\wp-includes\plugin.php(478): WP_Hook->do_action(Array)
#3 C:\wamp64\www\revivalpoint\wp-admin\admin-ajax.php(175): do_action('wp_ajax_ecommer...')
#4 {main}
  thrown in C:\wamp64\www\revivalpoint\wp-content\themes\ecommerce\src\ajax_product.php on line 26

2019-12-17T09:42:27+00:00 CRITICAL Uncaught Error: Call to a member function get_gallery_image_ids() on bool in C:\wamp64\www\revivalpoint\wp-content\themes\ecommerce\src\ajax_product.php:26
Stack trace:
#0 C:\wamp64\www\revivalpoint\wp-includes\class-wp-hook.php(288): ecommerce_quick_view_ajax_callback('')
#1 C:\wamp64\www\revivalpoint\wp-includes\class-wp-hook.php(312): WP_Hook->apply_filters('', Array)
#2 C:\wamp64\www\revivalpoint\wp-includes\plugin.php(478): WP_Hook->do_action(Array)
#3 C:\wamp64\www\revivalpoint\wp-admin\admin-ajax.php(175): do_action('wp_ajax_ecommer...')
#4 {main}
  thrown in C:\wamp64\www\revivalpoint\wp-content\themes\ecommerce\src\ajax_product.php on line 26

