2019-12-15T11:42:54+00:00 CRITICAL syntax error, unexpected ']' in C:\wamp64\www\revivalpoint\wp-content\themes\ecommerce\header.php on line 167

2019-12-15T11:55:03+00:00 CRITICAL Uncaught Error: Class 'Ecommerce_Nav_Walker' not found in C:\wamp64\www\revivalpoint\wp-content\themes\ecommerce\header.php:165
Stack trace:
#0 C:\wamp64\www\revivalpoint\wp-includes\template.php(722): require_once()
#1 C:\wamp64\www\revivalpoint\wp-includes\template.php(671): load_template('C:\\wamp64\\www\\r...', true)
#2 C:\wamp64\www\revivalpoint\wp-includes\general-template.php(41): locate_template(Array, true)
#3 C:\wamp64\www\revivalpoint\wp-content\themes\ecommerce\woocommerce\archive-product.php(20): get_header('shop')
#4 C:\wamp64\www\revivalpoint\wp-includes\template-loader.php(98): include('C:\\wamp64\\www\\r...')
#5 C:\wamp64\www\revivalpoint\wp-blog-header.php(19): require_once('C:\\wamp64\\www\\r...')
#6 C:\wamp64\www\revivalpoint\index.php(17): require('C:\\wamp64\\www\\r...')
#7 {main}
  thrown in C:\wamp64\www\revivalpoint\wp-content\themes\ecommerce\header.php on line 165

2019-12-15T11:55:04+00:00 CRITICAL Uncaught Error: Class 'Ecommerce_Nav_Walker' not found in C:\wamp64\www\revivalpoint\wp-content\themes\ecommerce\header.php:165
Stack trace:
#0 C:\wamp64\www\revivalpoint\wp-includes\template.php(722): require_once()
#1 C:\wamp64\www\revivalpoint\wp-includes\template.php(671): load_template('C:\\wamp64\\www\\r...', true)
#2 C:\wamp64\www\revivalpoint\wp-includes\general-template.php(41): locate_template(Array, true)
#3 C:\wamp64\www\revivalpoint\wp-content\themes\ecommerce\index.php(3): get_header()
#4 C:\wamp64\www\revivalpoint\wp-includes\template-loader.php(98): include('C:\\wamp64\\www\\r...')
#5 C:\wamp64\www\revivalpoint\wp-blog-header.php(19): require_once('C:\\wamp64\\www\\r...')
#6 C:\wamp64\www\revivalpoint\index.php(17): require('C:\\wamp64\\www\\r...')
#7 {main}
  thrown in C:\wamp64\www\revivalpoint\wp-content\themes\ecommerce\header.php on line 165

2019-12-15T11:55:04+00:00 CRITICAL Uncaught Error: Class 'Ecommerce_Nav_Walker' not found in C:\wamp64\www\revivalpoint\wp-content\themes\ecommerce\header.php:165
Stack trace:
#0 C:\wamp64\www\revivalpoint\wp-includes\template.php(722): require_once()
#1 C:\wamp64\www\revivalpoint\wp-includes\template.php(671): load_template('C:\\wamp64\\www\\r...', true)
#2 C:\wamp64\www\revivalpoint\wp-includes\general-template.php(41): locate_template(Array, true)
#3 C:\wamp64\www\revivalpoint\wp-content\themes\ecommerce\index.php(3): get_header()
#4 C:\wamp64\www\revivalpoint\wp-includes\template-loader.php(98): include('C:\\wamp64\\www\\r...')
#5 C:\wamp64\www\revivalpoint\wp-blog-header.php(19): require_once('C:\\wamp64\\www\\r...')
#6 C:\wamp64\www\revivalpoint\index.php(17): require('C:\\wamp64\\www\\r...')
#7 {main}
  thrown in C:\wamp64\www\revivalpoint\wp-content\themes\ecommerce\header.php on line 165

2019-12-15T11:55:04+00:00 CRITICAL Uncaught Error: Class 'Ecommerce_Nav_Walker' not found in C:\wamp64\www\revivalpoint\wp-content\themes\ecommerce\header.php:165
Stack trace:
#0 C:\wamp64\www\revivalpoint\wp-includes\template.php(722): require_once()
#1 C:\wamp64\www\revivalpoint\wp-includes\template.php(671): load_template('C:\\wamp64\\www\\r...', true)
#2 C:\wamp64\www\revivalpoint\wp-includes\general-template.php(41): locate_template(Array, true)
#3 C:\wamp64\www\revivalpoint\wp-content\themes\ecommerce\index.php(3): get_header()
#4 C:\wamp64\www\revivalpoint\wp-includes\template-loader.php(98): include('C:\\wamp64\\www\\r...')
#5 C:\wamp64\www\revivalpoint\wp-blog-header.php(19): require_once('C:\\wamp64\\www\\r...')
#6 C:\wamp64\www\revivalpoint\index.php(17): require('C:\\wamp64\\www\\r...')
#7 {main}
  thrown in C:\wamp64\www\revivalpoint\wp-content\themes\ecommerce\header.php on line 165

2019-12-15T11:55:16+00:00 CRITICAL Uncaught Error: Class 'Ecommerce_Nav_Walker' not found in C:\wamp64\www\revivalpoint\wp-content\themes\ecommerce\header.php:165
Stack trace:
#0 C:\wamp64\www\revivalpoint\wp-includes\template.php(722): require_once()
#1 C:\wamp64\www\revivalpoint\wp-includes\template.php(671): load_template('C:\\wamp64\\www\\r...', true)
#2 C:\wamp64\www\revivalpoint\wp-includes\general-template.php(41): locate_template(Array, true)
#3 C:\wamp64\www\revivalpoint\wp-content\themes\ecommerce\index.php(3): get_header()
#4 C:\wamp64\www\revivalpoint\wp-includes\template-loader.php(98): include('C:\\wamp64\\www\\r...')
#5 C:\wamp64\www\revivalpoint\wp-blog-header.php(19): require_once('C:\\wamp64\\www\\r...')
#6 C:\wamp64\www\revivalpoint\index.php(17): require('C:\\wamp64\\www\\r...')
#7 {main}
  thrown in C:\wamp64\www\revivalpoint\wp-content\themes\ecommerce\header.php on line 165

2019-12-15T11:55:16+00:00 CRITICAL Uncaught Error: Class 'Ecommerce_Nav_Walker' not found in C:\wamp64\www\revivalpoint\wp-content\themes\ecommerce\header.php:165
Stack trace:
#0 C:\wamp64\www\revivalpoint\wp-includes\template.php(722): require_once()
#1 C:\wamp64\www\revivalpoint\wp-includes\template.php(671): load_template('C:\\wamp64\\www\\r...', true)
#2 C:\wamp64\www\revivalpoint\wp-includes\general-template.php(41): locate_template(Array, true)
#3 C:\wamp64\www\revivalpoint\wp-content\themes\ecommerce\index.php(3): get_header()
#4 C:\wamp64\www\revivalpoint\wp-includes\template-loader.php(98): include('C:\\wamp64\\www\\r...')
#5 C:\wamp64\www\revivalpoint\wp-blog-header.php(19): require_once('C:\\wamp64\\www\\r...')
#6 C:\wamp64\www\revivalpoint\index.php(17): require('C:\\wamp64\\www\\r...')
#7 {main}
  thrown in C:\wamp64\www\revivalpoint\wp-content\themes\ecommerce\header.php on line 165

2019-12-15T11:55:16+00:00 CRITICAL Uncaught Error: Class 'Ecommerce_Nav_Walker' not found in C:\wamp64\www\revivalpoint\wp-content\themes\ecommerce\header.php:165
Stack trace:
#0 C:\wamp64\www\revivalpoint\wp-includes\template.php(722): require_once()
#1 C:\wamp64\www\revivalpoint\wp-includes\template.php(671): load_template('C:\\wamp64\\www\\r...', true)
#2 C:\wamp64\www\revivalpoint\wp-includes\general-template.php(41): locate_template(Array, true)
#3 C:\wamp64\www\revivalpoint\wp-content\themes\ecommerce\index.php(3): get_header()
#4 C:\wamp64\www\revivalpoint\wp-includes\template-loader.php(98): include('C:\\wamp64\\www\\r...')
#5 C:\wamp64\www\revivalpoint\wp-blog-header.php(19): require_once('C:\\wamp64\\www\\r...')
#6 C:\wamp64\www\revivalpoint\index.php(17): require('C:\\wamp64\\www\\r...')
#7 {main}
  thrown in C:\wamp64\www\revivalpoint\wp-content\themes\ecommerce\header.php on line 165

2019-12-15T11:55:50+00:00 CRITICAL Could not find src/classes/Ecommerce_Nav_Walker in C:\wamp64\www\revivalpoint\wp-content\themes\ecommerce\functions.php on line 11

2019-12-15T11:57:06+00:00 CRITICAL Could not find src/classes/Ecommerce_Nav_Walker in C:\wamp64\www\revivalpoint\wp-content\themes\ecommerce\functions.php on line 11

2019-12-15T11:57:27+00:00 CRITICAL Could not find src/classes/Ecommerce_Nav_Walker in C:\wamp64\www\revivalpoint\wp-content\themes\ecommerce\functions.php on line 11

2019-12-15T11:57:36+00:00 CRITICAL Could not find src/classes/Ecommerce_Nav_Walker in C:\wamp64\www\revivalpoint\wp-content\themes\ecommerce\functions.php on line 11

