2019-12-23T10:15:08+00:00 CRITICAL Uncaught ArgumentCountError: Too few arguments to function action_woocommerce_single_product_summary(), 1 passed in C:\wamp64\www\revivalpoint\wp-includes\class-wp-hook.php on line 288 and exactly 2 expected in C:\wamp64\www\revivalpoint\wp-content\themes\ecommerce\functions.php:22
Stack trace:
#0 C:\wamp64\www\revivalpoint\wp-includes\class-wp-hook.php(288): action_woocommerce_single_product_summary('')
#1 C:\wamp64\www\revivalpoint\wp-includes\class-wp-hook.php(312): WP_Hook->apply_filters(NULL, Array)
#2 C:\wamp64\www\revivalpoint\wp-includes\plugin.php(478): WP_Hook->do_action(Array)
#3 C:\wamp64\www\revivalpoint\wp-content\themes\ecommerce\woocommerce\content-single-product.php(66): do_action('woocommerce_sin...')
#4 C:\wamp64\www\revivalpoint\wp-includes\template.php(724): require('C:\\wamp64\\www\\r...')
#5 C:\wamp64\www\revivalpoint\wp-content\plugins\woocommerce\includes\wc-core-functions.php(195): load_template('C:\\wamp64\\www\\r...', false)
#6 C:\wamp64\www\revivalpoint\wp-content\themes\ecommerce in C:\wamp64\www\revivalpoint\wp-content\themes\ecommerce\functions.php on line 22

2019-12-23T10:15:51+00:00 CRITICAL Uncaught ArgumentCountError: Too few arguments to function action_woocommerce_single_product_summary(), 1 passed in C:\wamp64\www\revivalpoint\wp-includes\class-wp-hook.php on line 288 and exactly 2 expected in C:\wamp64\www\revivalpoint\wp-content\themes\ecommerce\functions.php:22
Stack trace:
#0 C:\wamp64\www\revivalpoint\wp-includes\class-wp-hook.php(288): action_woocommerce_single_product_summary('')
#1 C:\wamp64\www\revivalpoint\wp-includes\class-wp-hook.php(312): WP_Hook->apply_filters(NULL, Array)
#2 C:\wamp64\www\revivalpoint\wp-includes\plugin.php(478): WP_Hook->do_action(Array)
#3 C:\wamp64\www\revivalpoint\wp-content\themes\ecommerce\woocommerce\content-single-product.php(66): do_action('woocommerce_sin...')
#4 C:\wamp64\www\revivalpoint\wp-includes\template.php(724): require('C:\\wamp64\\www\\r...')
#5 C:\wamp64\www\revivalpoint\wp-content\plugins\woocommerce\includes\wc-core-functions.php(195): load_template('C:\\wamp64\\www\\r...', false)
#6 C:\wamp64\www\revivalpoint\wp-content\themes\ecommerce in C:\wamp64\www\revivalpoint\wp-content\themes\ecommerce\functions.php on line 22

2019-12-23T10:16:52+00:00 CRITICAL Uncaught ArgumentCountError: Too few arguments to function action_woocommerce_single_product_summary(), 1 passed in C:\wamp64\www\revivalpoint\wp-includes\class-wp-hook.php on line 288 and exactly 2 expected in C:\wamp64\www\revivalpoint\wp-content\themes\ecommerce\functions.php:22
Stack trace:
#0 C:\wamp64\www\revivalpoint\wp-includes\class-wp-hook.php(288): action_woocommerce_single_product_summary('')
#1 C:\wamp64\www\revivalpoint\wp-includes\class-wp-hook.php(312): WP_Hook->apply_filters(NULL, Array)
#2 C:\wamp64\www\revivalpoint\wp-includes\plugin.php(478): WP_Hook->do_action(Array)
#3 C:\wamp64\www\revivalpoint\wp-content\themes\ecommerce\woocommerce\content-single-product.php(66): do_action('woocommerce_sin...')
#4 C:\wamp64\www\revivalpoint\wp-includes\template.php(724): require('C:\\wamp64\\www\\r...')
#5 C:\wamp64\www\revivalpoint\wp-content\plugins\woocommerce\includes\wc-core-functions.php(195): load_template('C:\\wamp64\\www\\r...', false)
#6 C:\wamp64\www\revivalpoint\wp-content\themes\ecommerce in C:\wamp64\www\revivalpoint\wp-content\themes\ecommerce\functions.php on line 22

2019-12-23T10:26:38+00:00 CRITICAL Uncaught ArgumentCountError: Too few arguments to function action_woocommerce_single_product_summary_one(), 1 passed in C:\wamp64\www\revivalpoint\wp-includes\class-wp-hook.php on line 288 and exactly 2 expected in C:\wamp64\www\revivalpoint\wp-content\themes\ecommerce\functions.php:24
Stack trace:
#0 C:\wamp64\www\revivalpoint\wp-includes\class-wp-hook.php(288): action_woocommerce_single_product_summary_one('')
#1 C:\wamp64\www\revivalpoint\wp-includes\class-wp-hook.php(312): WP_Hook->apply_filters(NULL, Array)
#2 C:\wamp64\www\revivalpoint\wp-includes\plugin.php(478): WP_Hook->do_action(Array)
#3 C:\wamp64\www\revivalpoint\wp-content\plugins\woocommerce\templates\content-single-product.php(60): do_action('woocommerce_sin...')
#4 C:\wamp64\www\revivalpoint\wp-includes\template.php(724): require('C:\\wamp64\\www\\r...')
#5 C:\wamp64\www\revivalpoint\wp-content\plugins\woocommerce\includes\wc-core-functions.php(195): load_template('C:\\wamp64\\www\\r...', false)
#6 C:\wamp64\www\revivalpoint\wp-content\plugins in C:\wamp64\www\revivalpoint\wp-content\themes\ecommerce\functions.php on line 24

