2019-12-18T06:05:52+00:00 CRITICAL syntax error, unexpected ',' in C:\wamp64\www\revivalpoint\wp-content\themes\ecommerce\src\ajax_product.php on line 5

2019-12-18T08:45:09+00:00 CRITICAL Uncaught Error: Call to a member function get_image_id() on bool in C:\wamp64\www\revivalpoint\wp-content\themes\ecommerce\src\ajax_product.php:200
Stack trace:
#0 C:\wamp64\www\revivalpoint\wp-includes\class-wp-hook.php(288): ecommerce_get_variation_image_ajax_callback('')
#1 C:\wamp64\www\revivalpoint\wp-includes\class-wp-hook.php(312): WP_Hook->apply_filters('', Array)
#2 C:\wamp64\www\revivalpoint\wp-includes\plugin.php(478): WP_Hook->do_action(Array)
#3 C:\wamp64\www\revivalpoint\wp-admin\admin-ajax.php(175): do_action('wp_ajax_ecommer...')
#4 {main}
  thrown in C:\wamp64\www\revivalpoint\wp-content\themes\ecommerce\src\ajax_product.php on line 200

2019-12-18T08:46:43+00:00 CRITICAL Uncaught Error: Call to a member function get_image_id() on bool in C:\wamp64\www\revivalpoint\wp-content\themes\ecommerce\src\ajax_product.php:201
Stack trace:
#0 C:\wamp64\www\revivalpoint\wp-includes\class-wp-hook.php(288): ecommerce_get_variation_image_ajax_callback('')
#1 C:\wamp64\www\revivalpoint\wp-includes\class-wp-hook.php(312): WP_Hook->apply_filters('', Array)
#2 C:\wamp64\www\revivalpoint\wp-includes\plugin.php(478): WP_Hook->do_action(Array)
#3 C:\wamp64\www\revivalpoint\wp-admin\admin-ajax.php(175): do_action('wp_ajax_ecommer...')
#4 {main}
  thrown in C:\wamp64\www\revivalpoint\wp-content\themes\ecommerce\src\ajax_product.php on line 201

2019-12-18T08:47:19+00:00 CRITICAL Uncaught Error: Call to a member function get_image_id() on bool in C:\wamp64\www\revivalpoint\wp-content\themes\ecommerce\src\ajax_product.php:202
Stack trace:
#0 C:\wamp64\www\revivalpoint\wp-includes\class-wp-hook.php(288): ecommerce_get_variation_image_ajax_callback('')
#1 C:\wamp64\www\revivalpoint\wp-includes\class-wp-hook.php(312): WP_Hook->apply_filters('', Array)
#2 C:\wamp64\www\revivalpoint\wp-includes\plugin.php(478): WP_Hook->do_action(Array)
#3 C:\wamp64\www\revivalpoint\wp-admin\admin-ajax.php(175): do_action('wp_ajax_ecommer...')
#4 {main}
  thrown in C:\wamp64\www\revivalpoint\wp-content\themes\ecommerce\src\ajax_product.php on line 202

2019-12-18T08:47:57+00:00 CRITICAL Uncaught Error: Call to a member function get_image_id() on bool in C:\wamp64\www\revivalpoint\wp-content\themes\ecommerce\src\ajax_product.php:202
Stack trace:
#0 C:\wamp64\www\revivalpoint\wp-includes\class-wp-hook.php(288): ecommerce_get_variation_image_ajax_callback('')
#1 C:\wamp64\www\revivalpoint\wp-includes\class-wp-hook.php(312): WP_Hook->apply_filters('', Array)
#2 C:\wamp64\www\revivalpoint\wp-includes\plugin.php(478): WP_Hook->do_action(Array)
#3 C:\wamp64\www\revivalpoint\wp-admin\admin-ajax.php(175): do_action('wp_ajax_ecommer...')
#4 {main}
  thrown in C:\wamp64\www\revivalpoint\wp-content\themes\ecommerce\src\ajax_product.php on line 202

2019-12-18T08:48:38+00:00 CRITICAL Uncaught Error: Call to a member function get_image_id() on bool in C:\wamp64\www\revivalpoint\wp-content\themes\ecommerce\src\ajax_product.php:202
Stack trace:
#0 C:\wamp64\www\revivalpoint\wp-includes\class-wp-hook.php(288): ecommerce_get_variation_image_ajax_callback('')
#1 C:\wamp64\www\revivalpoint\wp-includes\class-wp-hook.php(312): WP_Hook->apply_filters('', Array)
#2 C:\wamp64\www\revivalpoint\wp-includes\plugin.php(478): WP_Hook->do_action(Array)
#3 C:\wamp64\www\revivalpoint\wp-admin\admin-ajax.php(175): do_action('wp_ajax_ecommer...')
#4 {main}
  thrown in C:\wamp64\www\revivalpoint\wp-content\themes\ecommerce\src\ajax_product.php on line 202

2019-12-18T09:56:31+00:00 CRITICAL Uncaught Exception: Invalid product. in C:\wamp64\www\revivalpoint\wp-content\plugins\woocommerce\includes\data-stores\class-wc-product-data-store-cpt.php:163
Stack trace:
#0 C:\wamp64\www\revivalpoint\wp-content\plugins\woocommerce\includes\class-wc-data-store.php(159): WC_Product_Data_Store_CPT->read(Object(WC_Product))
#1 C:\wamp64\www\revivalpoint\wp-content\plugins\woocommerce\includes\abstracts\abstract-wc-product.php(135): WC_Data_Store->read(Object(WC_Product))
#2 C:\wamp64\www\revivalpoint\wp-content\themes\ecommerce\src\ajax_product.php(8): WC_Product->__construct('27')
#3 C:\wamp64\www\revivalpoint\wp-includes\class-wp-hook.php(288): ecommerce_add_cart_ajax_callback('')
#4 C:\wamp64\www\revivalpoint\wp-includes\class-wp-hook.php(312): WP_Hook->apply_filters('', Array)
#5 C:\wamp64\www\revivalpoint\wp-includes\plugin.php(478): WP_Hook->do_action(Array)
#6 C:\wamp64\www\revivalpoint\wp-admin\admin-ajax.php(175): do_action('wp_ajax_ecommer...')
#7 {main}
  thrown in C:\wamp64\www\revivalpoint\wp-content\plugins\woocommerce\includes\data-stores\class-wc-product-data-store-cpt.php on line 163

2019-12-18T09:56:37+00:00 CRITICAL Uncaught Exception: Invalid product. in C:\wamp64\www\revivalpoint\wp-content\plugins\woocommerce\includes\data-stores\class-wc-product-data-store-cpt.php:163
Stack trace:
#0 C:\wamp64\www\revivalpoint\wp-content\plugins\woocommerce\includes\class-wc-data-store.php(159): WC_Product_Data_Store_CPT->read(Object(WC_Product))
#1 C:\wamp64\www\revivalpoint\wp-content\plugins\woocommerce\includes\abstracts\abstract-wc-product.php(135): WC_Data_Store->read(Object(WC_Product))
#2 C:\wamp64\www\revivalpoint\wp-content\themes\ecommerce\src\ajax_product.php(8): WC_Product->__construct('27')
#3 C:\wamp64\www\revivalpoint\wp-includes\class-wp-hook.php(288): ecommerce_add_cart_ajax_callback('')
#4 C:\wamp64\www\revivalpoint\wp-includes\class-wp-hook.php(312): WP_Hook->apply_filters('', Array)
#5 C:\wamp64\www\revivalpoint\wp-includes\plugin.php(478): WP_Hook->do_action(Array)
#6 C:\wamp64\www\revivalpoint\wp-admin\admin-ajax.php(175): do_action('wp_ajax_ecommer...')
#7 {main}
  thrown in C:\wamp64\www\revivalpoint\wp-content\plugins\woocommerce\includes\data-stores\class-wc-product-data-store-cpt.php on line 163

2019-12-18T10:09:27+00:00 CRITICAL Uncaught Error: Call to a member function get_id() on null in C:\wamp64\www\revivalpoint\wp-content\themes\ecommerce\src\ajax_product.php:352
Stack trace:
#0 C:\wamp64\www\revivalpoint\wp-includes\class-wp-hook.php(288): ecommerce_get_variation_image_ajax_callback('')
#1 C:\wamp64\www\revivalpoint\wp-includes\class-wp-hook.php(312): WP_Hook->apply_filters('', Array)
#2 C:\wamp64\www\revivalpoint\wp-includes\plugin.php(478): WP_Hook->do_action(Array)
#3 C:\wamp64\www\revivalpoint\wp-admin\admin-ajax.php(175): do_action('wp_ajax_ecommer...')
#4 {main}
  thrown in C:\wamp64\www\revivalpoint\wp-content\themes\ecommerce\src\ajax_product.php on line 352

2019-12-18T10:23:05+00:00 CRITICAL Uncaught Exception: Invalid product. in C:\wamp64\www\revivalpoint\wp-content\plugins\woocommerce\includes\data-stores\class-wc-product-data-store-cpt.php:163
Stack trace:
#0 C:\wamp64\www\revivalpoint\wp-content\plugins\woocommerce\includes\class-wc-data-store.php(159): WC_Product_Data_Store_CPT->read(Object(WC_Product))
#1 C:\wamp64\www\revivalpoint\wp-content\plugins\woocommerce\includes\abstracts\abstract-wc-product.php(135): WC_Data_Store->read(Object(WC_Product))
#2 C:\wamp64\www\revivalpoint\wp-content\themes\ecommerce\src\ajax_product.php(211): WC_Product->__construct('27')
#3 C:\wamp64\www\revivalpoint\wp-includes\class-wp-hook.php(288): ecommerce_get_variation_image_ajax_callback('')
#4 C:\wamp64\www\revivalpoint\wp-includes\class-wp-hook.php(312): WP_Hook->apply_filters('', Array)
#5 C:\wamp64\www\revivalpoint\wp-includes\plugin.php(478): WP_Hook->do_action(Array)
#6 C:\wamp64\www\revivalpoint\wp-admin\admin-ajax.php(175): do_action('wp_ajax_ecommer...')
#7 {main}
  thrown in C:\wamp64\www\revivalpoint\wp-content\plugins\woocommerce\includes\data-stores\class-wc-product-data-store-cpt.php on line 163

2019-12-18T10:23:09+00:00 CRITICAL Uncaught Exception: Invalid product. in C:\wamp64\www\revivalpoint\wp-content\plugins\woocommerce\includes\data-stores\class-wc-product-data-store-cpt.php:163
Stack trace:
#0 C:\wamp64\www\revivalpoint\wp-content\plugins\woocommerce\includes\class-wc-data-store.php(159): WC_Product_Data_Store_CPT->read(Object(WC_Product))
#1 C:\wamp64\www\revivalpoint\wp-content\plugins\woocommerce\includes\abstracts\abstract-wc-product.php(135): WC_Data_Store->read(Object(WC_Product))
#2 C:\wamp64\www\revivalpoint\wp-content\themes\ecommerce\src\ajax_product.php(211): WC_Product->__construct('27')
#3 C:\wamp64\www\revivalpoint\wp-includes\class-wp-hook.php(288): ecommerce_get_variation_image_ajax_callback('')
#4 C:\wamp64\www\revivalpoint\wp-includes\class-wp-hook.php(312): WP_Hook->apply_filters('', Array)
#5 C:\wamp64\www\revivalpoint\wp-includes\plugin.php(478): WP_Hook->do_action(Array)
#6 C:\wamp64\www\revivalpoint\wp-admin\admin-ajax.php(175): do_action('wp_ajax_ecommer...')
#7 {main}
  thrown in C:\wamp64\www\revivalpoint\wp-content\plugins\woocommerce\includes\data-stores\class-wc-product-data-store-cpt.php on line 163

2019-12-18T10:23:11+00:00 CRITICAL Uncaught Exception: Invalid product. in C:\wamp64\www\revivalpoint\wp-content\plugins\woocommerce\includes\data-stores\class-wc-product-data-store-cpt.php:163
Stack trace:
#0 C:\wamp64\www\revivalpoint\wp-content\plugins\woocommerce\includes\class-wc-data-store.php(159): WC_Product_Data_Store_CPT->read(Object(WC_Product))
#1 C:\wamp64\www\revivalpoint\wp-content\plugins\woocommerce\includes\abstracts\abstract-wc-product.php(135): WC_Data_Store->read(Object(WC_Product))
#2 C:\wamp64\www\revivalpoint\wp-content\themes\ecommerce\src\ajax_product.php(211): WC_Product->__construct('27')
#3 C:\wamp64\www\revivalpoint\wp-includes\class-wp-hook.php(288): ecommerce_get_variation_image_ajax_callback('')
#4 C:\wamp64\www\revivalpoint\wp-includes\class-wp-hook.php(312): WP_Hook->apply_filters('', Array)
#5 C:\wamp64\www\revivalpoint\wp-includes\plugin.php(478): WP_Hook->do_action(Array)
#6 C:\wamp64\www\revivalpoint\wp-admin\admin-ajax.php(175): do_action('wp_ajax_ecommer...')
#7 {main}
  thrown in C:\wamp64\www\revivalpoint\wp-content\plugins\woocommerce\includes\data-stores\class-wc-product-data-store-cpt.php on line 163

2019-12-18T10:23:13+00:00 CRITICAL Uncaught Exception: Invalid product. in C:\wamp64\www\revivalpoint\wp-content\plugins\woocommerce\includes\data-stores\class-wc-product-data-store-cpt.php:163
Stack trace:
#0 C:\wamp64\www\revivalpoint\wp-content\plugins\woocommerce\includes\class-wc-data-store.php(159): WC_Product_Data_Store_CPT->read(Object(WC_Product))
#1 C:\wamp64\www\revivalpoint\wp-content\plugins\woocommerce\includes\abstracts\abstract-wc-product.php(135): WC_Data_Store->read(Object(WC_Product))
#2 C:\wamp64\www\revivalpoint\wp-content\themes\ecommerce\src\ajax_product.php(211): WC_Product->__construct('27')
#3 C:\wamp64\www\revivalpoint\wp-includes\class-wp-hook.php(288): ecommerce_get_variation_image_ajax_callback('')
#4 C:\wamp64\www\revivalpoint\wp-includes\class-wp-hook.php(312): WP_Hook->apply_filters('', Array)
#5 C:\wamp64\www\revivalpoint\wp-includes\plugin.php(478): WP_Hook->do_action(Array)
#6 C:\wamp64\www\revivalpoint\wp-admin\admin-ajax.php(175): do_action('wp_ajax_ecommer...')
#7 {main}
  thrown in C:\wamp64\www\revivalpoint\wp-content\plugins\woocommerce\includes\data-stores\class-wc-product-data-store-cpt.php on line 163

2019-12-18T10:23:33+00:00 CRITICAL Uncaught Exception: Invalid product. in C:\wamp64\www\revivalpoint\wp-content\plugins\woocommerce\includes\data-stores\class-wc-product-data-store-cpt.php:163
Stack trace:
#0 C:\wamp64\www\revivalpoint\wp-content\plugins\woocommerce\includes\class-wc-data-store.php(159): WC_Product_Data_Store_CPT->read(Object(WC_Product))
#1 C:\wamp64\www\revivalpoint\wp-content\plugins\woocommerce\includes\abstracts\abstract-wc-product.php(135): WC_Data_Store->read(Object(WC_Product))
#2 C:\wamp64\www\revivalpoint\wp-content\themes\ecommerce\src\ajax_product.php(211): WC_Product->__construct('27')
#3 C:\wamp64\www\revivalpoint\wp-includes\class-wp-hook.php(288): ecommerce_get_variation_image_ajax_callback('')
#4 C:\wamp64\www\revivalpoint\wp-includes\class-wp-hook.php(312): WP_Hook->apply_filters('', Array)
#5 C:\wamp64\www\revivalpoint\wp-includes\plugin.php(478): WP_Hook->do_action(Array)
#6 C:\wamp64\www\revivalpoint\wp-admin\admin-ajax.php(175): do_action('wp_ajax_ecommer...')
#7 {main}
  thrown in C:\wamp64\www\revivalpoint\wp-content\plugins\woocommerce\includes\data-stores\class-wc-product-data-store-cpt.php on line 163

2019-12-18T10:25:41+00:00 CRITICAL Uncaught Exception: Invalid product. in C:\wamp64\www\revivalpoint\wp-content\plugins\woocommerce\includes\data-stores\class-wc-product-data-store-cpt.php:163
Stack trace:
#0 C:\wamp64\www\revivalpoint\wp-content\plugins\woocommerce\includes\class-wc-data-store.php(159): WC_Product_Data_Store_CPT->read(Object(WC_Product))
#1 C:\wamp64\www\revivalpoint\wp-content\plugins\woocommerce\includes\abstracts\abstract-wc-product.php(135): WC_Data_Store->read(Object(WC_Product))
#2 C:\wamp64\www\revivalpoint\wp-content\themes\ecommerce\src\ajax_product.php(211): WC_Product->__construct('27')
#3 C:\wamp64\www\revivalpoint\wp-includes\class-wp-hook.php(288): ecommerce_get_variation_image_ajax_callback('')
#4 C:\wamp64\www\revivalpoint\wp-includes\class-wp-hook.php(312): WP_Hook->apply_filters('', Array)
#5 C:\wamp64\www\revivalpoint\wp-includes\plugin.php(478): WP_Hook->do_action(Array)
#6 C:\wamp64\www\revivalpoint\wp-admin\admin-ajax.php(175): do_action('wp_ajax_ecommer...')
#7 {main}
  thrown in C:\wamp64\www\revivalpoint\wp-content\plugins\woocommerce\includes\data-stores\class-wc-product-data-store-cpt.php on line 163

2019-12-18T10:27:23+00:00 CRITICAL Uncaught Exception: Invalid product. in C:\wamp64\www\revivalpoint\wp-content\plugins\woocommerce\includes\data-stores\class-wc-product-data-store-cpt.php:163
Stack trace:
#0 C:\wamp64\www\revivalpoint\wp-content\plugins\woocommerce\includes\class-wc-data-store.php(159): WC_Product_Data_Store_CPT->read(Object(WC_Product))
#1 C:\wamp64\www\revivalpoint\wp-content\plugins\woocommerce\includes\abstracts\abstract-wc-product.php(135): WC_Data_Store->read(Object(WC_Product))
#2 C:\wamp64\www\revivalpoint\wp-content\themes\ecommerce\src\ajax_product.php(211): WC_Product->__construct('27')
#3 C:\wamp64\www\revivalpoint\wp-includes\class-wp-hook.php(288): ecommerce_get_variation_image_ajax_callback('')
#4 C:\wamp64\www\revivalpoint\wp-includes\class-wp-hook.php(312): WP_Hook->apply_filters('', Array)
#5 C:\wamp64\www\revivalpoint\wp-includes\plugin.php(478): WP_Hook->do_action(Array)
#6 C:\wamp64\www\revivalpoint\wp-admin\admin-ajax.php(175): do_action('wp_ajax_ecommer...')
#7 {main}
  thrown in C:\wamp64\www\revivalpoint\wp-content\plugins\woocommerce\includes\data-stores\class-wc-product-data-store-cpt.php on line 163

2019-12-18T10:27:25+00:00 CRITICAL Uncaught Exception: Invalid product. in C:\wamp64\www\revivalpoint\wp-content\plugins\woocommerce\includes\data-stores\class-wc-product-data-store-cpt.php:163
Stack trace:
#0 C:\wamp64\www\revivalpoint\wp-content\plugins\woocommerce\includes\class-wc-data-store.php(159): WC_Product_Data_Store_CPT->read(Object(WC_Product))
#1 C:\wamp64\www\revivalpoint\wp-content\plugins\woocommerce\includes\abstracts\abstract-wc-product.php(135): WC_Data_Store->read(Object(WC_Product))
#2 C:\wamp64\www\revivalpoint\wp-content\themes\ecommerce\src\ajax_product.php(211): WC_Product->__construct('27')
#3 C:\wamp64\www\revivalpoint\wp-includes\class-wp-hook.php(288): ecommerce_get_variation_image_ajax_callback('')
#4 C:\wamp64\www\revivalpoint\wp-includes\class-wp-hook.php(312): WP_Hook->apply_filters('', Array)
#5 C:\wamp64\www\revivalpoint\wp-includes\plugin.php(478): WP_Hook->do_action(Array)
#6 C:\wamp64\www\revivalpoint\wp-admin\admin-ajax.php(175): do_action('wp_ajax_ecommer...')
#7 {main}
  thrown in C:\wamp64\www\revivalpoint\wp-content\plugins\woocommerce\includes\data-stores\class-wc-product-data-store-cpt.php on line 163

2019-12-18T10:27:44+00:00 CRITICAL Uncaught Exception: Invalid product. in C:\wamp64\www\revivalpoint\wp-content\plugins\woocommerce\includes\data-stores\class-wc-product-data-store-cpt.php:163
Stack trace:
#0 C:\wamp64\www\revivalpoint\wp-content\plugins\woocommerce\includes\class-wc-data-store.php(159): WC_Product_Data_Store_CPT->read(Object(WC_Product))
#1 C:\wamp64\www\revivalpoint\wp-content\plugins\woocommerce\includes\abstracts\abstract-wc-product.php(135): WC_Data_Store->read(Object(WC_Product))
#2 C:\wamp64\www\revivalpoint\wp-content\themes\ecommerce\src\ajax_product.php(211): WC_Product->__construct('27')
#3 C:\wamp64\www\revivalpoint\wp-includes\class-wp-hook.php(288): ecommerce_get_variation_image_ajax_callback('')
#4 C:\wamp64\www\revivalpoint\wp-includes\class-wp-hook.php(312): WP_Hook->apply_filters('', Array)
#5 C:\wamp64\www\revivalpoint\wp-includes\plugin.php(478): WP_Hook->do_action(Array)
#6 C:\wamp64\www\revivalpoint\wp-admin\admin-ajax.php(175): do_action('wp_ajax_ecommer...')
#7 {main}
  thrown in C:\wamp64\www\revivalpoint\wp-content\plugins\woocommerce\includes\data-stores\class-wc-product-data-store-cpt.php on line 163

2019-12-18T10:27:46+00:00 CRITICAL Uncaught Exception: Invalid product. in C:\wamp64\www\revivalpoint\wp-content\plugins\woocommerce\includes\data-stores\class-wc-product-data-store-cpt.php:163
Stack trace:
#0 C:\wamp64\www\revivalpoint\wp-content\plugins\woocommerce\includes\class-wc-data-store.php(159): WC_Product_Data_Store_CPT->read(Object(WC_Product))
#1 C:\wamp64\www\revivalpoint\wp-content\plugins\woocommerce\includes\abstracts\abstract-wc-product.php(135): WC_Data_Store->read(Object(WC_Product))
#2 C:\wamp64\www\revivalpoint\wp-content\themes\ecommerce\src\ajax_product.php(8): WC_Product->__construct('27')
#3 C:\wamp64\www\revivalpoint\wp-includes\class-wp-hook.php(288): ecommerce_add_cart_ajax_callback('')
#4 C:\wamp64\www\revivalpoint\wp-includes\class-wp-hook.php(312): WP_Hook->apply_filters('', Array)
#5 C:\wamp64\www\revivalpoint\wp-includes\plugin.php(478): WP_Hook->do_action(Array)
#6 C:\wamp64\www\revivalpoint\wp-admin\admin-ajax.php(175): do_action('wp_ajax_ecommer...')
#7 {main}
  thrown in C:\wamp64\www\revivalpoint\wp-content\plugins\woocommerce\includes\data-stores\class-wc-product-data-store-cpt.php on line 163

2019-12-18T10:31:10+00:00 CRITICAL Uncaught Exception: Invalid product. in C:\wamp64\www\revivalpoint\wp-content\plugins\woocommerce\includes\data-stores\class-wc-product-data-store-cpt.php:163
Stack trace:
#0 C:\wamp64\www\revivalpoint\wp-content\plugins\woocommerce\includes\class-wc-data-store.php(159): WC_Product_Data_Store_CPT->read(Object(WC_Product))
#1 C:\wamp64\www\revivalpoint\wp-content\plugins\woocommerce\includes\abstracts\abstract-wc-product.php(135): WC_Data_Store->read(Object(WC_Product))
#2 C:\wamp64\www\revivalpoint\wp-content\themes\ecommerce\src\ajax_product.php(211): WC_Product->__construct('26')
#3 C:\wamp64\www\revivalpoint\wp-includes\class-wp-hook.php(288): ecommerce_get_variation_image_ajax_callback('')
#4 C:\wamp64\www\revivalpoint\wp-includes\class-wp-hook.php(312): WP_Hook->apply_filters('', Array)
#5 C:\wamp64\www\revivalpoint\wp-includes\plugin.php(478): WP_Hook->do_action(Array)
#6 C:\wamp64\www\revivalpoint\wp-admin\admin-ajax.php(175): do_action('wp_ajax_ecommer...')
#7 {main}
  thrown in C:\wamp64\www\revivalpoint\wp-content\plugins\woocommerce\includes\data-stores\class-wc-product-data-store-cpt.php on line 163

2019-12-18T10:35:46+00:00 CRITICAL Uncaught Exception: Invalid product. in C:\wamp64\www\revivalpoint\wp-content\plugins\woocommerce\includes\data-stores\class-wc-product-data-store-cpt.php:163
Stack trace:
#0 C:\wamp64\www\revivalpoint\wp-content\plugins\woocommerce\includes\class-wc-data-store.php(159): WC_Product_Data_Store_CPT->read(Object(WC_Product))
#1 C:\wamp64\www\revivalpoint\wp-content\plugins\woocommerce\includes\abstracts\abstract-wc-product.php(135): WC_Data_Store->read(Object(WC_Product))
#2 C:\wamp64\www\revivalpoint\wp-content\themes\ecommerce\src\ajax_product.php(211): WC_Product->__construct('26')
#3 C:\wamp64\www\revivalpoint\wp-includes\class-wp-hook.php(288): ecommerce_get_variation_image_ajax_callback('')
#4 C:\wamp64\www\revivalpoint\wp-includes\class-wp-hook.php(312): WP_Hook->apply_filters('', Array)
#5 C:\wamp64\www\revivalpoint\wp-includes\plugin.php(478): WP_Hook->do_action(Array)
#6 C:\wamp64\www\revivalpoint\wp-admin\admin-ajax.php(175): do_action('wp_ajax_ecommer...')
#7 {main}
  thrown in C:\wamp64\www\revivalpoint\wp-content\plugins\woocommerce\includes\data-stores\class-wc-product-data-store-cpt.php on line 163

2019-12-18T10:35:48+00:00 CRITICAL Uncaught Exception: Invalid product. in C:\wamp64\www\revivalpoint\wp-content\plugins\woocommerce\includes\data-stores\class-wc-product-data-store-cpt.php:163
Stack trace:
#0 C:\wamp64\www\revivalpoint\wp-content\plugins\woocommerce\includes\class-wc-data-store.php(159): WC_Product_Data_Store_CPT->read(Object(WC_Product))
#1 C:\wamp64\www\revivalpoint\wp-content\plugins\woocommerce\includes\abstracts\abstract-wc-product.php(135): WC_Data_Store->read(Object(WC_Product))
#2 C:\wamp64\www\revivalpoint\wp-content\themes\ecommerce\src\ajax_product.php(8): WC_Product->__construct('26')
#3 C:\wamp64\www\revivalpoint\wp-includes\class-wp-hook.php(288): ecommerce_add_cart_ajax_callback('')
#4 C:\wamp64\www\revivalpoint\wp-includes\class-wp-hook.php(312): WP_Hook->apply_filters('', Array)
#5 C:\wamp64\www\revivalpoint\wp-includes\plugin.php(478): WP_Hook->do_action(Array)
#6 C:\wamp64\www\revivalpoint\wp-admin\admin-ajax.php(175): do_action('wp_ajax_ecommer...')
#7 {main}
  thrown in C:\wamp64\www\revivalpoint\wp-content\plugins\woocommerce\includes\data-stores\class-wc-product-data-store-cpt.php on line 163

2019-12-18T10:45:49+00:00 CRITICAL Uncaught Error: Call to a member function get_parent_id() on bool in C:\wamp64\www\revivalpoint\wp-content\themes\ecommerce\src\ajax_product.php:218
Stack trace:
#0 C:\wamp64\www\revivalpoint\wp-includes\class-wp-hook.php(288): ecommerce_get_variation_image_ajax_callback('')
#1 C:\wamp64\www\revivalpoint\wp-includes\class-wp-hook.php(312): WP_Hook->apply_filters('', Array)
#2 C:\wamp64\www\revivalpoint\wp-includes\plugin.php(478): WP_Hook->do_action(Array)
#3 C:\wamp64\www\revivalpoint\wp-admin\admin-ajax.php(175): do_action('wp_ajax_ecommer...')
#4 {main}
  thrown in C:\wamp64\www\revivalpoint\wp-content\themes\ecommerce\src\ajax_product.php on line 218

2019-12-18T10:46:03+00:00 CRITICAL Uncaught Error: Call to a member function get_parent_id() on bool in C:\wamp64\www\revivalpoint\wp-content\themes\ecommerce\src\ajax_product.php:218
Stack trace:
#0 C:\wamp64\www\revivalpoint\wp-includes\class-wp-hook.php(288): ecommerce_get_variation_image_ajax_callback('')
#1 C:\wamp64\www\revivalpoint\wp-includes\class-wp-hook.php(312): WP_Hook->apply_filters('', Array)
#2 C:\wamp64\www\revivalpoint\wp-includes\plugin.php(478): WP_Hook->do_action(Array)
#3 C:\wamp64\www\revivalpoint\wp-admin\admin-ajax.php(175): do_action('wp_ajax_ecommer...')
#4 {main}
  thrown in C:\wamp64\www\revivalpoint\wp-content\themes\ecommerce\src\ajax_product.php on line 218

2019-12-18T10:46:05+00:00 CRITICAL Uncaught Error: Call to a member function get_parent_id() on bool in C:\wamp64\www\revivalpoint\wp-content\themes\ecommerce\src\ajax_product.php:218
Stack trace:
#0 C:\wamp64\www\revivalpoint\wp-includes\class-wp-hook.php(288): ecommerce_get_variation_image_ajax_callback('')
#1 C:\wamp64\www\revivalpoint\wp-includes\class-wp-hook.php(312): WP_Hook->apply_filters('', Array)
#2 C:\wamp64\www\revivalpoint\wp-includes\plugin.php(478): WP_Hook->do_action(Array)
#3 C:\wamp64\www\revivalpoint\wp-admin\admin-ajax.php(175): do_action('wp_ajax_ecommer...')
#4 {main}
  thrown in C:\wamp64\www\revivalpoint\wp-content\themes\ecommerce\src\ajax_product.php on line 218

2019-12-18T10:46:15+00:00 CRITICAL Uncaught Error: Call to a member function get_parent_id() on bool in C:\wamp64\www\revivalpoint\wp-content\themes\ecommerce\src\ajax_product.php:218
Stack trace:
#0 C:\wamp64\www\revivalpoint\wp-includes\class-wp-hook.php(288): ecommerce_get_variation_image_ajax_callback('')
#1 C:\wamp64\www\revivalpoint\wp-includes\class-wp-hook.php(312): WP_Hook->apply_filters('', Array)
#2 C:\wamp64\www\revivalpoint\wp-includes\plugin.php(478): WP_Hook->do_action(Array)
#3 C:\wamp64\www\revivalpoint\wp-admin\admin-ajax.php(175): do_action('wp_ajax_ecommer...')
#4 {main}
  thrown in C:\wamp64\www\revivalpoint\wp-content\themes\ecommerce\src\ajax_product.php on line 218

2019-12-18T10:47:52+00:00 CRITICAL Uncaught Error: Call to a member function get_parent_id() on bool in C:\wamp64\www\revivalpoint\wp-content\themes\ecommerce\src\ajax_product.php:218
Stack trace:
#0 C:\wamp64\www\revivalpoint\wp-includes\class-wp-hook.php(288): ecommerce_get_variation_image_ajax_callback('')
#1 C:\wamp64\www\revivalpoint\wp-includes\class-wp-hook.php(312): WP_Hook->apply_filters('', Array)
#2 C:\wamp64\www\revivalpoint\wp-includes\plugin.php(478): WP_Hook->do_action(Array)
#3 C:\wamp64\www\revivalpoint\wp-admin\admin-ajax.php(175): do_action('wp_ajax_ecommer...')
#4 {main}
  thrown in C:\wamp64\www\revivalpoint\wp-content\themes\ecommerce\src\ajax_product.php on line 218

2019-12-18T10:58:10+00:00 CRITICAL Uncaught Error: Call to a member function get_parent_id() on bool in C:\wamp64\www\revivalpoint\wp-content\themes\ecommerce\src\ajax_product.php:219
Stack trace:
#0 C:\wamp64\www\revivalpoint\wp-includes\class-wp-hook.php(288): ecommerce_get_variation_image_ajax_callback('')
#1 C:\wamp64\www\revivalpoint\wp-includes\class-wp-hook.php(312): WP_Hook->apply_filters('', Array)
#2 C:\wamp64\www\revivalpoint\wp-includes\plugin.php(478): WP_Hook->do_action(Array)
#3 C:\wamp64\www\revivalpoint\wp-admin\admin-ajax.php(175): do_action('wp_ajax_ecommer...')
#4 {main}
  thrown in C:\wamp64\www\revivalpoint\wp-content\themes\ecommerce\src\ajax_product.php on line 219

2019-12-18T11:01:20+00:00 CRITICAL Uncaught Error: Call to a member function get_parent_id() on bool in C:\wamp64\www\revivalpoint\wp-content\themes\ecommerce\src\ajax_product.php:219
Stack trace:
#0 C:\wamp64\www\revivalpoint\wp-includes\class-wp-hook.php(288): ecommerce_get_variation_image_ajax_callback('')
#1 C:\wamp64\www\revivalpoint\wp-includes\class-wp-hook.php(312): WP_Hook->apply_filters('', Array)
#2 C:\wamp64\www\revivalpoint\wp-includes\plugin.php(478): WP_Hook->do_action(Array)
#3 C:\wamp64\www\revivalpoint\wp-admin\admin-ajax.php(175): do_action('wp_ajax_ecommer...')
#4 {main}
  thrown in C:\wamp64\www\revivalpoint\wp-content\themes\ecommerce\src\ajax_product.php on line 219

2019-12-18T11:01:26+00:00 CRITICAL Uncaught Error: Call to a member function get_parent_id() on bool in C:\wamp64\www\revivalpoint\wp-content\themes\ecommerce\src\ajax_product.php:219
Stack trace:
#0 C:\wamp64\www\revivalpoint\wp-includes\class-wp-hook.php(288): ecommerce_get_variation_image_ajax_callback('')
#1 C:\wamp64\www\revivalpoint\wp-includes\class-wp-hook.php(312): WP_Hook->apply_filters('', Array)
#2 C:\wamp64\www\revivalpoint\wp-includes\plugin.php(478): WP_Hook->do_action(Array)
#3 C:\wamp64\www\revivalpoint\wp-admin\admin-ajax.php(175): do_action('wp_ajax_ecommer...')
#4 {main}
  thrown in C:\wamp64\www\revivalpoint\wp-content\themes\ecommerce\src\ajax_product.php on line 219

2019-12-18T11:01:30+00:00 CRITICAL Uncaught Error: Call to a member function get_parent_id() on bool in C:\wamp64\www\revivalpoint\wp-content\themes\ecommerce\src\ajax_product.php:219
Stack trace:
#0 C:\wamp64\www\revivalpoint\wp-includes\class-wp-hook.php(288): ecommerce_get_variation_image_ajax_callback('')
#1 C:\wamp64\www\revivalpoint\wp-includes\class-wp-hook.php(312): WP_Hook->apply_filters('', Array)
#2 C:\wamp64\www\revivalpoint\wp-includes\plugin.php(478): WP_Hook->do_action(Array)
#3 C:\wamp64\www\revivalpoint\wp-admin\admin-ajax.php(175): do_action('wp_ajax_ecommer...')
#4 {main}
  thrown in C:\wamp64\www\revivalpoint\wp-content\themes\ecommerce\src\ajax_product.php on line 219

2019-12-18T11:01:31+00:00 CRITICAL Uncaught Error: Call to a member function get_parent_id() on bool in C:\wamp64\www\revivalpoint\wp-content\themes\ecommerce\src\ajax_product.php:219
Stack trace:
#0 C:\wamp64\www\revivalpoint\wp-includes\class-wp-hook.php(288): ecommerce_get_variation_image_ajax_callback('')
#1 C:\wamp64\www\revivalpoint\wp-includes\class-wp-hook.php(312): WP_Hook->apply_filters('', Array)
#2 C:\wamp64\www\revivalpoint\wp-includes\plugin.php(478): WP_Hook->do_action(Array)
#3 C:\wamp64\www\revivalpoint\wp-admin\admin-ajax.php(175): do_action('wp_ajax_ecommer...')
#4 {main}
  thrown in C:\wamp64\www\revivalpoint\wp-content\themes\ecommerce\src\ajax_product.php on line 219

2019-12-18T11:03:16+00:00 CRITICAL Uncaught Error: Call to a member function get_parent_id() on bool in C:\wamp64\www\revivalpoint\wp-content\themes\ecommerce\src\ajax_product.php:219
Stack trace:
#0 C:\wamp64\www\revivalpoint\wp-includes\class-wp-hook.php(288): ecommerce_get_variation_image_ajax_callback('')
#1 C:\wamp64\www\revivalpoint\wp-includes\class-wp-hook.php(312): WP_Hook->apply_filters('', Array)
#2 C:\wamp64\www\revivalpoint\wp-includes\plugin.php(478): WP_Hook->do_action(Array)
#3 C:\wamp64\www\revivalpoint\wp-admin\admin-ajax.php(175): do_action('wp_ajax_ecommer...')
#4 {main}
  thrown in C:\wamp64\www\revivalpoint\wp-content\themes\ecommerce\src\ajax_product.php on line 219

2019-12-18T11:04:29+00:00 CRITICAL Uncaught Error: Call to a member function get_parent_id() on bool in C:\wamp64\www\revivalpoint\wp-content\themes\ecommerce\src\ajax_product.php:218
Stack trace:
#0 C:\wamp64\www\revivalpoint\wp-includes\class-wp-hook.php(288): ecommerce_get_variation_image_ajax_callback('')
#1 C:\wamp64\www\revivalpoint\wp-includes\class-wp-hook.php(312): WP_Hook->apply_filters('', Array)
#2 C:\wamp64\www\revivalpoint\wp-includes\plugin.php(478): WP_Hook->do_action(Array)
#3 C:\wamp64\www\revivalpoint\wp-admin\admin-ajax.php(175): do_action('wp_ajax_ecommer...')
#4 {main}
  thrown in C:\wamp64\www\revivalpoint\wp-content\themes\ecommerce\src\ajax_product.php on line 218

2019-12-18T11:06:45+00:00 CRITICAL Uncaught Error: Call to a member function get_parent_id() on bool in C:\wamp64\www\revivalpoint\wp-content\themes\ecommerce\src\ajax_product.php:218
Stack trace:
#0 C:\wamp64\www\revivalpoint\wp-includes\class-wp-hook.php(288): ecommerce_get_variation_image_ajax_callback('')
#1 C:\wamp64\www\revivalpoint\wp-includes\class-wp-hook.php(312): WP_Hook->apply_filters('', Array)
#2 C:\wamp64\www\revivalpoint\wp-includes\plugin.php(478): WP_Hook->do_action(Array)
#3 C:\wamp64\www\revivalpoint\wp-admin\admin-ajax.php(175): do_action('wp_ajax_ecommer...')
#4 {main}
  thrown in C:\wamp64\www\revivalpoint\wp-content\themes\ecommerce\src\ajax_product.php on line 218

2019-12-18T11:07:55+00:00 CRITICAL Uncaught Error: Call to a member function get_parent_id() on bool in C:\wamp64\www\revivalpoint\wp-content\themes\ecommerce\src\ajax_product.php:218
Stack trace:
#0 C:\wamp64\www\revivalpoint\wp-includes\class-wp-hook.php(288): ecommerce_get_variation_image_ajax_callback('')
#1 C:\wamp64\www\revivalpoint\wp-includes\class-wp-hook.php(312): WP_Hook->apply_filters('', Array)
#2 C:\wamp64\www\revivalpoint\wp-includes\plugin.php(478): WP_Hook->do_action(Array)
#3 C:\wamp64\www\revivalpoint\wp-admin\admin-ajax.php(175): do_action('wp_ajax_ecommer...')
#4 {main}
  thrown in C:\wamp64\www\revivalpoint\wp-content\themes\ecommerce\src\ajax_product.php on line 218

2019-12-18T11:07:57+00:00 CRITICAL Uncaught Error: Call to a member function get_parent_id() on bool in C:\wamp64\www\revivalpoint\wp-content\themes\ecommerce\src\ajax_product.php:218
Stack trace:
#0 C:\wamp64\www\revivalpoint\wp-includes\class-wp-hook.php(288): ecommerce_get_variation_image_ajax_callback('')
#1 C:\wamp64\www\revivalpoint\wp-includes\class-wp-hook.php(312): WP_Hook->apply_filters('', Array)
#2 C:\wamp64\www\revivalpoint\wp-includes\plugin.php(478): WP_Hook->do_action(Array)
#3 C:\wamp64\www\revivalpoint\wp-admin\admin-ajax.php(175): do_action('wp_ajax_ecommer...')
#4 {main}
  thrown in C:\wamp64\www\revivalpoint\wp-content\themes\ecommerce\src\ajax_product.php on line 218

2019-12-18T11:15:55+00:00 CRITICAL Uncaught Error: Call to a member function get_id() on bool in C:\wamp64\www\revivalpoint\wp-content\themes\ecommerce\src\ajax_product.php:43
Stack trace:
#0 C:\wamp64\www\revivalpoint\wp-includes\class-wp-hook.php(288): ecommerce_quick_view_ajax_callback('')
#1 C:\wamp64\www\revivalpoint\wp-includes\class-wp-hook.php(312): WP_Hook->apply_filters('', Array)
#2 C:\wamp64\www\revivalpoint\wp-includes\plugin.php(478): WP_Hook->do_action(Array)
#3 C:\wamp64\www\revivalpoint\wp-admin\admin-ajax.php(175): do_action('wp_ajax_ecommer...')
#4 {main}
  thrown in C:\wamp64\www\revivalpoint\wp-content\themes\ecommerce\src\ajax_product.php on line 43

2019-12-18T11:16:48+00:00 CRITICAL Uncaught Error: Call to a member function get_id() on bool in C:\wamp64\www\revivalpoint\wp-content\themes\ecommerce\src\ajax_product.php:43
Stack trace:
#0 C:\wamp64\www\revivalpoint\wp-includes\class-wp-hook.php(288): ecommerce_quick_view_ajax_callback('')
#1 C:\wamp64\www\revivalpoint\wp-includes\class-wp-hook.php(312): WP_Hook->apply_filters('', Array)
#2 C:\wamp64\www\revivalpoint\wp-includes\plugin.php(478): WP_Hook->do_action(Array)
#3 C:\wamp64\www\revivalpoint\wp-admin\admin-ajax.php(175): do_action('wp_ajax_ecommer...')
#4 {main}
  thrown in C:\wamp64\www\revivalpoint\wp-content\themes\ecommerce\src\ajax_product.php on line 43

2019-12-18T12:01:29+00:00 CRITICAL Uncaught Error: Call to a member function get_parent_id() on bool in C:\wamp64\www\revivalpoint\wp-content\themes\ecommerce\src\ajax_product.php:219
Stack trace:
#0 C:\wamp64\www\revivalpoint\wp-includes\class-wp-hook.php(288): ecommerce_get_variation_image_ajax_callback('')
#1 C:\wamp64\www\revivalpoint\wp-includes\class-wp-hook.php(312): WP_Hook->apply_filters('', Array)
#2 C:\wamp64\www\revivalpoint\wp-includes\plugin.php(478): WP_Hook->do_action(Array)
#3 C:\wamp64\www\revivalpoint\wp-admin\admin-ajax.php(175): do_action('wp_ajax_ecommer...')
#4 {main}
  thrown in C:\wamp64\www\revivalpoint\wp-content\themes\ecommerce\src\ajax_product.php on line 219

2019-12-18T12:01:54+00:00 CRITICAL Uncaught Error: Call to a member function get_parent_id() on bool in C:\wamp64\www\revivalpoint\wp-content\themes\ecommerce\src\ajax_product.php:219
Stack trace:
#0 C:\wamp64\www\revivalpoint\wp-includes\class-wp-hook.php(288): ecommerce_get_variation_image_ajax_callback('')
#1 C:\wamp64\www\revivalpoint\wp-includes\class-wp-hook.php(312): WP_Hook->apply_filters('', Array)
#2 C:\wamp64\www\revivalpoint\wp-includes\plugin.php(478): WP_Hook->do_action(Array)
#3 C:\wamp64\www\revivalpoint\wp-admin\admin-ajax.php(175): do_action('wp_ajax_ecommer...')
#4 {main}
  thrown in C:\wamp64\www\revivalpoint\wp-content\themes\ecommerce\src\ajax_product.php on line 219

2019-12-18T12:03:22+00:00 CRITICAL Uncaught Error: Call to a member function get_parent_id() on bool in C:\wamp64\www\revivalpoint\wp-content\themes\ecommerce\src\ajax_product.php:219
Stack trace:
#0 C:\wamp64\www\revivalpoint\wp-includes\class-wp-hook.php(288): ecommerce_get_variation_image_ajax_callback('')
#1 C:\wamp64\www\revivalpoint\wp-includes\class-wp-hook.php(312): WP_Hook->apply_filters('', Array)
#2 C:\wamp64\www\revivalpoint\wp-includes\plugin.php(478): WP_Hook->do_action(Array)
#3 C:\wamp64\www\revivalpoint\wp-admin\admin-ajax.php(175): do_action('wp_ajax_ecommer...')
#4 {main}
  thrown in C:\wamp64\www\revivalpoint\wp-content\themes\ecommerce\src\ajax_product.php on line 219

2019-12-18T12:04:40+00:00 CRITICAL Uncaught Error: Call to a member function get_gallery_image_ids() on bool in C:\wamp64\www\revivalpoint\wp-content\themes\ecommerce\src\ajax_product.php:48
Stack trace:
#0 C:\wamp64\www\revivalpoint\wp-includes\class-wp-hook.php(288): ecommerce_quick_view_ajax_callback('')
#1 C:\wamp64\www\revivalpoint\wp-includes\class-wp-hook.php(312): WP_Hook->apply_filters('', Array)
#2 C:\wamp64\www\revivalpoint\wp-includes\plugin.php(478): WP_Hook->do_action(Array)
#3 C:\wamp64\www\revivalpoint\wp-admin\admin-ajax.php(175): do_action('wp_ajax_ecommer...')
#4 {main}
  thrown in C:\wamp64\www\revivalpoint\wp-content\themes\ecommerce\src\ajax_product.php on line 48

